<?xml version="1.0" encoding="UTF-8"?>
<testsuite xmlns:xsi="http://www.w3.org/2001/XMLSchema-instance" xsi:noNamespaceSchemaLocation="https://maven.apache.org/surefire/maven-failsafe-plugin/xsd/failsafe-test-report.xsd" name="com.OpenBank.cucumber.OpenBankRunner" time="58.408" tests="4" errors="0" skipped="0" failures="0">
  <properties>
[...]
</properties>
  <testcase name="Given I as an authorized user who has bank locator role" classname="| bnpparibas.07.uk |" time="0.002"/>
  <testcase name="When I request to get the list of all global bank branches" classname="| bnpparibas.07.uk |" time="0"/>
  <testcase name="Then check for the &quot;bnpparibas.07.uk&quot; present in the list extracted" classname="| bnpparibas.07.uk |" time="0"/>
  <testcase name="| bnpparibas.07.uk |" classname="| bnpparibas.07.uk |" time="8.342"/>
</testsuite>